<?xml version="1.0" encoding="UTF-8"?>
<!-- Generated by org.testng.reporters.JUnitXMLReporter -->
<testsuite hostname="Hanadis-MacBook.local" ignored="0" name="Default test" tests="3" failures="0" timestamp="2020-09-30T22:00:52 AST" time="228.578" errors="0">
  <testcase name="testWithValidData" time="48.825" classname="TestCases.bookRoom"/>
  <testcase name="testwithemptyEmail" time="56.175" classname="TestCases.bookRoom"/>
  <testcase name="testwithemptyName" time="59.187" classname="TestCases.bookRoom"/>
</testsuite> <!-- Default test -->
